Determining if the pthread_create exist failed with the following output:
Change Dir: /home/laure/Documents/catkin_ws/build/khepera_command/CMakeFiles/CMakeTmp

Run Build Command:"/usr/bin/make" "cmTC_285d1/fast"
/usr/bin/make -f CMakeFiles/cmTC_285d1.dir/build.make CMakeFiles/cmTC_285d1.dir/build
make[1] : on entre dans le répertoire « /home/laure/Documents/catkin_ws/build/khepera_command/CMakeFiles/CMakeTmp »
Building C object CMakeFiles/cmTC_285d1.dir/CheckSymbolExists.c.o
/usr/bin/cc     -o CMakeFiles/cmTC_285d1.dir/CheckSymbolExists.c.o   -c /home/laure/Documents/catkin_ws/build/khepera_command/CMakeFiles/CMakeTmp/CheckSymbolExists.c
Linking C executable cmTC_285d1
/usr/bin/cmake -E cmake_link_script CMakeFiles/cmTC_285d1.dir/link.txt --verbose=1
/usr/bin/cc       CMakeFiles/cmTC_285d1.dir/CheckSymbolExists.c.o  -o cmTC_285d1 -rdynamic 
CMakeFiles/cmTC_285d1.dir/CheckSymbolExists.c.o : Dans la fonction « main » :
CheckSymbolExists.c:(.text+0x16) : référence indéfinie vers « pthread_create »
collect2: error: ld returned 1 exit status
CMakeFiles/cmTC_285d1.dir/build.make:97 : la recette pour la cible « cmTC_285d1 » a échouée
make[1]: *** [cmTC_285d1] Erreur 1
make[1] : on quitte le répertoire « /home/laure/Documents/catkin_ws/build/khepera_command/CMakeFiles/CMakeTmp »
Makefile:126 : la recette pour la cible « cmTC_285d1/fast » a échouée
make: *** [cmTC_285d1/fast] Erreur 2

File /home/laure/Documents/catkin_ws/build/khepera_command/CMakeFiles/CMakeTmp/CheckSymbolExists.c:
/* */
#include <pthread.h>

int main(int argc, char** argv)
{
  (void)argv;
#ifndef pthread_create
  return ((int*)(&pthread_create))[argc];
#else
  (void)argc;
  return 0;
#endif
}

Determining if the function pthread_create exists in the pthreads failed with the following output:
Change Dir: /home/laure/Documents/catkin_ws/build/khepera_command/CMakeFiles/CMakeTmp

Run Build Command:"/usr/bin/make" "cmTC_7b30e/fast"
/usr/bin/make -f CMakeFiles/cmTC_7b30e.dir/build.make CMakeFiles/cmTC_7b30e.dir/build
make[1] : on entre dans le répertoire « /home/laure/Documents/catkin_ws/build/khepera_command/CMakeFiles/CMakeTmp »
Building C object CMakeFiles/cmTC_7b30e.dir/CheckFunctionExists.c.o
/usr/bin/cc    -DCHECK_FUNCTION_EXISTS=pthread_create   -o CMakeFiles/cmTC_7b30e.dir/CheckFunctionExists.c.o   -c /usr/share/cmake-3.5/Modules/CheckFunctionExists.c
Linking C executable cmTC_7b30e
/usr/bin/cmake -E cmake_link_script CMakeFiles/cmTC_7b30e.dir/link.txt --verbose=1
/usr/bin/cc   -DCHECK_FUNCTION_EXISTS=pthread_create    CMakeFiles/cmTC_7b30e.dir/CheckFunctionExists.c.o  -o cmTC_7b30e -rdynamic -lpthreads 
/usr/bin/ld : ne peut trouver -lpthreads
collect2: error: ld returned 1 exit status
CMakeFiles/cmTC_7b30e.dir/build.make:97 : la recette pour la cible « cmTC_7b30e » a échouée
make[1]: *** [cmTC_7b30e] Erreur 1
make[1] : on quitte le répertoire « /home/laure/Documents/catkin_ws/build/khepera_command/CMakeFiles/CMakeTmp »
Makefile:126 : la recette pour la cible « cmTC_7b30e/fast » a échouée
make: *** [cmTC_7b30e/fast] Erreur 2


