Determining if the pthread_create exist failed with the following output:
Change Dir: /home/laure/Documents/catkin_ws/build/vrep_ros_interface/CMakeFiles/CMakeTmp

Run Build Command:"/usr/bin/make" "cmTC_d08d0/fast"
/usr/bin/make -f CMakeFiles/cmTC_d08d0.dir/build.make CMakeFiles/cmTC_d08d0.dir/build
make[1] : on entre dans le répertoire « /home/laure/Documents/catkin_ws/build/vrep_ros_interface/CMakeFiles/CMakeTmp »
Building C object CMakeFiles/cmTC_d08d0.dir/CheckSymbolExists.c.o
/usr/bin/cc     -o CMakeFiles/cmTC_d08d0.dir/CheckSymbolExists.c.o   -c /home/laure/Documents/catkin_ws/build/vrep_ros_interface/CMakeFiles/CMakeTmp/CheckSymbolExists.c
Linking C executable cmTC_d08d0
/usr/bin/cmake -E cmake_link_script CMakeFiles/cmTC_d08d0.dir/link.txt --verbose=1
/usr/bin/cc       CMakeFiles/cmTC_d08d0.dir/CheckSymbolExists.c.o  -o cmTC_d08d0 -rdynamic 
CMakeFiles/cmTC_d08d0.dir/CheckSymbolExists.c.o : Dans la fonction « main » :
CheckSymbolExists.c:(.text+0x16) : référence indéfinie vers « pthread_create »
collect2: error: ld returned 1 exit status
CMakeFiles/cmTC_d08d0.dir/build.make:97 : la recette pour la cible « cmTC_d08d0 » a échouée
make[1]: *** [cmTC_d08d0] Erreur 1
make[1] : on quitte le répertoire « /home/laure/Documents/catkin_ws/build/vrep_ros_interface/CMakeFiles/CMakeTmp »
Makefile:126 : la recette pour la cible « cmTC_d08d0/fast » a échouée
make: *** [cmTC_d08d0/fast] Erreur 2

File /home/laure/Documents/catkin_ws/build/vrep_ros_interface/CMakeFiles/CMakeTmp/CheckSymbolExists.c:
/* */
#include <pthread.h>

int main(int argc, char** argv)
{
  (void)argv;
#ifndef pthread_create
  return ((int*)(&pthread_create))[argc];
#else
  (void)argc;
  return 0;
#endif
}

Determining if the function pthread_create exists in the pthreads failed with the following output:
Change Dir: /home/laure/Documents/catkin_ws/build/vrep_ros_interface/CMakeFiles/CMakeTmp

Run Build Command:"/usr/bin/make" "cmTC_30d1d/fast"
/usr/bin/make -f CMakeFiles/cmTC_30d1d.dir/build.make CMakeFiles/cmTC_30d1d.dir/build
make[1] : on entre dans le répertoire « /home/laure/Documents/catkin_ws/build/vrep_ros_interface/CMakeFiles/CMakeTmp »
Building C object CMakeFiles/cmTC_30d1d.dir/CheckFunctionExists.c.o
/usr/bin/cc    -DCHECK_FUNCTION_EXISTS=pthread_create   -o CMakeFiles/cmTC_30d1d.dir/CheckFunctionExists.c.o   -c /usr/share/cmake-3.5/Modules/CheckFunctionExists.c
Linking C executable cmTC_30d1d
/usr/bin/cmake -E cmake_link_script CMakeFiles/cmTC_30d1d.dir/link.txt --verbose=1
/usr/bin/cc   -DCHECK_FUNCTION_EXISTS=pthread_create    CMakeFiles/cmTC_30d1d.dir/CheckFunctionExists.c.o  -o cmTC_30d1d -rdynamic -lpthreads 
/usr/bin/ld : ne peut trouver -lpthreads
collect2: error: ld returned 1 exit status
CMakeFiles/cmTC_30d1d.dir/build.make:97 : la recette pour la cible « cmTC_30d1d » a échouée
make[1]: *** [cmTC_30d1d] Erreur 1
make[1] : on quitte le répertoire « /home/laure/Documents/catkin_ws/build/vrep_ros_interface/CMakeFiles/CMakeTmp »
Makefile:126 : la recette pour la cible « cmTC_30d1d/fast » a échouée
make: *** [cmTC_30d1d/fast] Erreur 2


