Not searching for unused variables given on the command line.
[36m--[0m Using CATKIN_DEVEL_PREFIX: /media/laure/HP Data/ROBOT_IMAGE_CONTROL/robot_command/catkin_ws/devel/.private/kteams_driver
[36m--[0m Using CMAKE_PREFIX_PATH: /media/laure/HP Data/ROBOT_IMAGE_CONTROL/robot_command/catkin_ws/devel;/opt/ros/kinetic
[36m--[0m This workspace overlays: /media/laure/HP Data/ROBOT_IMAGE_CONTROL/robot_command/catkin_ws/devel;/opt/ros/kinetic
[36m--[0m Using PYTHON_EXECUTABLE: /usr/bin/python
[36m--[0m Using Debian Python package layout
[36m--[0m Using empy: /usr/bin/empy
[36m--[0m Using CATKIN_ENABLE_TESTING: ON
[36m--[0m Call enable_testing()
[36m--[0m Using CATKIN_TEST_RESULTS_DIR: /media/laure/HP Data/ROBOT_IMAGE_CONTROL/robot_command/catkin_ws/build/kteams_driver/test_results
[36m--[0m Found gtest sources under '/usr/src/gtest': gtests will be built
[36m--[0m Using Python nosetests: /usr/bin/nosetests-2.7
[36m--[0m catkin 0.7.8
[36m--[0m Checking for module 'ktprot'
[36m--[0m   Found ktprot, version 1.06
[33m[1mCMake Warning[0m at /opt/ros/kinetic/share/catkin/cmake/catkin_package.cmake:166 (message):
  catkin_package() DEPENDS on 'ktprot' but neither 'ktprot_INCLUDE_DIRS' nor
  'ktprot_LIBRARIES' is defined.
[36mCall Stack (most recent call first):[0m
  /opt/ros/kinetic/share/catkin/cmake/catkin_package.cmake:102 (_catkin_package)
  CMakeLists.txt:18 (catkin_package)


[36m--[0m Configuring done
[36m--[0m Generating done
[36m--[0m Build files have been written to: /media/laure/HP Data/ROBOT_IMAGE_CONTROL/robot_command/catkin_ws/build/kteams_driver
