[35m[1mScanning dependencies of target khepera_wheels_node[0m
[35m[1mScanning dependencies of target koala_odom_node[0m
[ 10%] [32mBuilding CXX object src/CMakeFiles/khepera_wheels_node.dir/khepera_wheels_node.cpp.o[0m
[ 20%] [32mBuilding CXX object src/CMakeFiles/koala_odom_node.dir/koala_odom_node.cpp.o[0m
[ 30%] [32m[1mLinking CXX executable /home/laure/Documents/catkin_ws/devel/.private/kteams_node/lib/kteams_node/koala_odom_node[0m
[ 30%] Built target koala_odom_node
[35m[1mScanning dependencies of target koala_wheels_node[0m
[ 40%] [32mBuilding CXX object src/CMakeFiles/koala_wheels_node.dir/koala_wheels_node.cpp.o[0m
[35m[1mScanning dependencies of target koala_camera_position_node[0m
[ 50%] [32mBuilding CXX object src/CMakeFiles/koala_camera_position_node.dir/koala_camera_position_node.cpp.o[0m
[ 60%] [32m[1mLinking CXX executable /home/laure/Documents/catkin_ws/devel/.private/kteams_node/lib/kteams_node/khepera_wheels_node[0m
[ 60%] Built target khepera_wheels_node
[35m[1mScanning dependencies of target koala_camera_node[0m
[ 70%] [32mBuilding CXX object src/CMakeFiles/koala_camera_node.dir/koala_camera_node.cpp.o[0m
[ 80%] [32m[1mLinking CXX executable /home/laure/Documents/catkin_ws/devel/.private/kteams_node/lib/kteams_node/koala_camera_position_node[0m
[ 90%] [32m[1mLinking CXX executable /home/laure/Documents/catkin_ws/devel/.private/kteams_node/lib/kteams_node/koala_camera_node[0m
[100%] [32m[1mLinking CXX executable /home/laure/Documents/catkin_ws/devel/.private/kteams_node/lib/kteams_node/koala_wheels_node[0m
[100%] Built target koala_camera_position_node
[100%] Built target koala_camera_node
[100%] Built target koala_wheels_node
