Determining if the pthread_create exist failed with the following output:
Change Dir: /home/laure/Documents/catkin_ws/build/kteams_node/CMakeFiles/CMakeTmp

Run Build Command:"/usr/bin/make" "cmTC_d1b6f/fast"
/usr/bin/make -f CMakeFiles/cmTC_d1b6f.dir/build.make CMakeFiles/cmTC_d1b6f.dir/build
make[1] : on entre dans le répertoire « /home/laure/Documents/catkin_ws/build/kteams_node/CMakeFiles/CMakeTmp »
Building C object CMakeFiles/cmTC_d1b6f.dir/CheckSymbolExists.c.o
/usr/bin/cc     -o CMakeFiles/cmTC_d1b6f.dir/CheckSymbolExists.c.o   -c /home/laure/Documents/catkin_ws/build/kteams_node/CMakeFiles/CMakeTmp/CheckSymbolExists.c
Linking C executable cmTC_d1b6f
/usr/bin/cmake -E cmake_link_script CMakeFiles/cmTC_d1b6f.dir/link.txt --verbose=1
/usr/bin/cc       CMakeFiles/cmTC_d1b6f.dir/CheckSymbolExists.c.o  -o cmTC_d1b6f -rdynamic 
CMakeFiles/cmTC_d1b6f.dir/CheckSymbolExists.c.o : Dans la fonction « main » :
CheckSymbolExists.c:(.text+0x16) : référence indéfinie vers « pthread_create »
collect2: error: ld returned 1 exit status
CMakeFiles/cmTC_d1b6f.dir/build.make:97 : la recette pour la cible « cmTC_d1b6f » a échouée
make[1]: *** [cmTC_d1b6f] Erreur 1
make[1] : on quitte le répertoire « /home/laure/Documents/catkin_ws/build/kteams_node/CMakeFiles/CMakeTmp »
Makefile:126 : la recette pour la cible « cmTC_d1b6f/fast » a échouée
make: *** [cmTC_d1b6f/fast] Erreur 2

File /home/laure/Documents/catkin_ws/build/kteams_node/CMakeFiles/CMakeTmp/CheckSymbolExists.c:
/* */
#include <pthread.h>

int main(int argc, char** argv)
{
  (void)argv;
#ifndef pthread_create
  return ((int*)(&pthread_create))[argc];
#else
  (void)argc;
  return 0;
#endif
}

Determining if the function pthread_create exists in the pthreads failed with the following output:
Change Dir: /home/laure/Documents/catkin_ws/build/kteams_node/CMakeFiles/CMakeTmp

Run Build Command:"/usr/bin/make" "cmTC_ee9af/fast"
/usr/bin/make -f CMakeFiles/cmTC_ee9af.dir/build.make CMakeFiles/cmTC_ee9af.dir/build
make[1] : on entre dans le répertoire « /home/laure/Documents/catkin_ws/build/kteams_node/CMakeFiles/CMakeTmp »
Building C object CMakeFiles/cmTC_ee9af.dir/CheckFunctionExists.c.o
/usr/bin/cc    -DCHECK_FUNCTION_EXISTS=pthread_create   -o CMakeFiles/cmTC_ee9af.dir/CheckFunctionExists.c.o   -c /usr/share/cmake-3.5/Modules/CheckFunctionExists.c
Linking C executable cmTC_ee9af
/usr/bin/cmake -E cmake_link_script CMakeFiles/cmTC_ee9af.dir/link.txt --verbose=1
/usr/bin/cc   -DCHECK_FUNCTION_EXISTS=pthread_create    CMakeFiles/cmTC_ee9af.dir/CheckFunctionExists.c.o  -o cmTC_ee9af -rdynamic -lpthreads 
/usr/bin/ld : ne peut trouver -lpthreads
collect2: error: ld returned 1 exit status
CMakeFiles/cmTC_ee9af.dir/build.make:97 : la recette pour la cible « cmTC_ee9af » a échouée
make[1]: *** [cmTC_ee9af] Erreur 1
make[1] : on quitte le répertoire « /home/laure/Documents/catkin_ws/build/kteams_node/CMakeFiles/CMakeTmp »
Makefile:126 : la recette pour la cible « cmTC_ee9af/fast » a échouée
make: *** [cmTC_ee9af/fast] Erreur 2


