Determining if the pthread_create exist failed with the following output:
Change Dir: /home/laure/Documents/catkin_ws/build/p3dx_driver/CMakeFiles/CMakeTmp

Run Build Command:"/usr/bin/make" "cmTC_32dcc/fast"
/usr/bin/make -f CMakeFiles/cmTC_32dcc.dir/build.make CMakeFiles/cmTC_32dcc.dir/build
make[1] : on entre dans le répertoire « /home/laure/Documents/catkin_ws/build/p3dx_driver/CMakeFiles/CMakeTmp »
Building C object CMakeFiles/cmTC_32dcc.dir/CheckSymbolExists.c.o
/usr/bin/cc     -o CMakeFiles/cmTC_32dcc.dir/CheckSymbolExists.c.o   -c /home/laure/Documents/catkin_ws/build/p3dx_driver/CMakeFiles/CMakeTmp/CheckSymbolExists.c
Linking C executable cmTC_32dcc
/usr/bin/cmake -E cmake_link_script CMakeFiles/cmTC_32dcc.dir/link.txt --verbose=1
/usr/bin/cc       CMakeFiles/cmTC_32dcc.dir/CheckSymbolExists.c.o  -o cmTC_32dcc -rdynamic 
CMakeFiles/cmTC_32dcc.dir/CheckSymbolExists.c.o : Dans la fonction « main » :
CheckSymbolExists.c:(.text+0x16) : référence indéfinie vers « pthread_create »
collect2: error: ld returned 1 exit status
CMakeFiles/cmTC_32dcc.dir/build.make:97 : la recette pour la cible « cmTC_32dcc » a échouée
make[1]: *** [cmTC_32dcc] Erreur 1
make[1] : on quitte le répertoire « /home/laure/Documents/catkin_ws/build/p3dx_driver/CMakeFiles/CMakeTmp »
Makefile:126 : la recette pour la cible « cmTC_32dcc/fast » a échouée
make: *** [cmTC_32dcc/fast] Erreur 2

File /home/laure/Documents/catkin_ws/build/p3dx_driver/CMakeFiles/CMakeTmp/CheckSymbolExists.c:
/* */
#include <pthread.h>

int main(int argc, char** argv)
{
  (void)argv;
#ifndef pthread_create
  return ((int*)(&pthread_create))[argc];
#else
  (void)argc;
  return 0;
#endif
}

Determining if the function pthread_create exists in the pthreads failed with the following output:
Change Dir: /home/laure/Documents/catkin_ws/build/p3dx_driver/CMakeFiles/CMakeTmp

Run Build Command:"/usr/bin/make" "cmTC_cae8f/fast"
/usr/bin/make -f CMakeFiles/cmTC_cae8f.dir/build.make CMakeFiles/cmTC_cae8f.dir/build
make[1] : on entre dans le répertoire « /home/laure/Documents/catkin_ws/build/p3dx_driver/CMakeFiles/CMakeTmp »
Building C object CMakeFiles/cmTC_cae8f.dir/CheckFunctionExists.c.o
/usr/bin/cc    -DCHECK_FUNCTION_EXISTS=pthread_create   -o CMakeFiles/cmTC_cae8f.dir/CheckFunctionExists.c.o   -c /usr/share/cmake-3.5/Modules/CheckFunctionExists.c
Linking C executable cmTC_cae8f
/usr/bin/cmake -E cmake_link_script CMakeFiles/cmTC_cae8f.dir/link.txt --verbose=1
/usr/bin/cc   -DCHECK_FUNCTION_EXISTS=pthread_create    CMakeFiles/cmTC_cae8f.dir/CheckFunctionExists.c.o  -o cmTC_cae8f -rdynamic -lpthreads 
/usr/bin/ld : ne peut trouver -lpthreads
collect2: error: ld returned 1 exit status
CMakeFiles/cmTC_cae8f.dir/build.make:97 : la recette pour la cible « cmTC_cae8f » a échouée
make[1]: *** [cmTC_cae8f] Erreur 1
make[1] : on quitte le répertoire « /home/laure/Documents/catkin_ws/build/p3dx_driver/CMakeFiles/CMakeTmp »
Makefile:126 : la recette pour la cible « cmTC_cae8f/fast » a échouée
make: *** [cmTC_cae8f/fast] Erreur 2


