Determining if the pthread_create exist failed with the following output:
Change Dir: /home/laure/Documents/catkin_ws/build/khepera_simulation/CMakeFiles/CMakeTmp

Run Build Command:"/usr/bin/make" "cmTC_cc6dd/fast"
/usr/bin/make -f CMakeFiles/cmTC_cc6dd.dir/build.make CMakeFiles/cmTC_cc6dd.dir/build
make[1] : on entre dans le répertoire « /home/laure/Documents/catkin_ws/build/khepera_simulation/CMakeFiles/CMakeTmp »
Building C object CMakeFiles/cmTC_cc6dd.dir/CheckSymbolExists.c.o
/usr/bin/cc     -o CMakeFiles/cmTC_cc6dd.dir/CheckSymbolExists.c.o   -c /home/laure/Documents/catkin_ws/build/khepera_simulation/CMakeFiles/CMakeTmp/CheckSymbolExists.c
Linking C executable cmTC_cc6dd
/usr/bin/cmake -E cmake_link_script CMakeFiles/cmTC_cc6dd.dir/link.txt --verbose=1
/usr/bin/cc       CMakeFiles/cmTC_cc6dd.dir/CheckSymbolExists.c.o  -o cmTC_cc6dd -rdynamic 
CMakeFiles/cmTC_cc6dd.dir/CheckSymbolExists.c.o : Dans la fonction « main » :
CheckSymbolExists.c:(.text+0x16) : référence indéfinie vers « pthread_create »
collect2: error: ld returned 1 exit status
CMakeFiles/cmTC_cc6dd.dir/build.make:97 : la recette pour la cible « cmTC_cc6dd » a échouée
make[1]: *** [cmTC_cc6dd] Erreur 1
make[1] : on quitte le répertoire « /home/laure/Documents/catkin_ws/build/khepera_simulation/CMakeFiles/CMakeTmp »
Makefile:126 : la recette pour la cible « cmTC_cc6dd/fast » a échouée
make: *** [cmTC_cc6dd/fast] Erreur 2

File /home/laure/Documents/catkin_ws/build/khepera_simulation/CMakeFiles/CMakeTmp/CheckSymbolExists.c:
/* */
#include <pthread.h>

int main(int argc, char** argv)
{
  (void)argv;
#ifndef pthread_create
  return ((int*)(&pthread_create))[argc];
#else
  (void)argc;
  return 0;
#endif
}

Determining if the function pthread_create exists in the pthreads failed with the following output:
Change Dir: /home/laure/Documents/catkin_ws/build/khepera_simulation/CMakeFiles/CMakeTmp

Run Build Command:"/usr/bin/make" "cmTC_b76ce/fast"
/usr/bin/make -f CMakeFiles/cmTC_b76ce.dir/build.make CMakeFiles/cmTC_b76ce.dir/build
make[1] : on entre dans le répertoire « /home/laure/Documents/catkin_ws/build/khepera_simulation/CMakeFiles/CMakeTmp »
Building C object CMakeFiles/cmTC_b76ce.dir/CheckFunctionExists.c.o
/usr/bin/cc    -DCHECK_FUNCTION_EXISTS=pthread_create   -o CMakeFiles/cmTC_b76ce.dir/CheckFunctionExists.c.o   -c /usr/share/cmake-3.5/Modules/CheckFunctionExists.c
Linking C executable cmTC_b76ce
/usr/bin/cmake -E cmake_link_script CMakeFiles/cmTC_b76ce.dir/link.txt --verbose=1
/usr/bin/cc   -DCHECK_FUNCTION_EXISTS=pthread_create    CMakeFiles/cmTC_b76ce.dir/CheckFunctionExists.c.o  -o cmTC_b76ce -rdynamic -lpthreads 
/usr/bin/ld : ne peut trouver -lpthreads
collect2: error: ld returned 1 exit status
CMakeFiles/cmTC_b76ce.dir/build.make:97 : la recette pour la cible « cmTC_b76ce » a échouée
make[1]: *** [cmTC_b76ce] Erreur 1
make[1] : on quitte le répertoire « /home/laure/Documents/catkin_ws/build/khepera_simulation/CMakeFiles/CMakeTmp »
Makefile:126 : la recette pour la cible « cmTC_b76ce/fast » a échouée
make: *** [cmTC_b76ce/fast] Erreur 2


